<?xml version="1.0" encoding="UTF-8"?>
<!-- Generated by org.testng.reporters.JUnitXMLReporter -->
<testsuite ignored="7" hostname="DESKTOP-N48DG7R" failures="0" tests="2" name="groupsSmoke" time="0.303" errors="0" timestamp="2024-08-31T08:58:59 IST">
  <testcase classname="TestNgPackage.AttributesClass" name="m7" time="0.032"/>
  <testcase classname="TestNgPackage.AttributesClass" name="m8" time="0.008"/>
  <testcase classname="TestNgPackage.AllSequesceOfTEST" name="f" time="0.0">
    <ignored/>
  </testcase> <!-- f -->
  <testcase classname="TestNgPackage.AttributesClass" name="m4" time="0.0">
    <ignored/>
  </testcase> <!-- m4 -->
  <testcase classname="TestNgPackage.AttributesClass" name="m3" time="0.0">
    <ignored/>
  </testcase> <!-- m3 -->
  <testcase classname="TestNgPackage.AttributesClass" name="m2" time="0.0">
    <ignored/>
  </testcase> <!-- m2 -->
  <testcase classname="TestNgPackage.AttributesClass" name="m1" time="0.0">
    <ignored/>
  </testcase> <!-- m1 -->
  <testcase classname="TestNgPackage.AttributesClass" name="m6" time="0.0">
    <ignored/>
  </testcase> <!-- m6 -->
  <testcase classname="TestNgPackage.AttributesClass" name="m5" time="0.0">
    <ignored/>
  </testcase> <!-- m5 -->
</testsuite> <!-- groupsSmoke -->
